This is pdfTeX, Version 3.14159265-2.6-1.40.21 (MiKTeX 21.1) (preloaded format=pdflatex 2021.2.9)  9 FEB 2021 09:23
entering extended mode
**./konzepte.tex
(konzepte.tex
LaTeX2e <2020-10-01> patch level 4
L3 programming layer <2021-01-09> xparse <2020-03-03>
(C:\Users\adria\AppData\Local\Programs\MiKTeX\tex/latex/base\article.cls
Document Class: article 2020/04/10 v1.4m Standard LaTeX document class
(C:\Users\adria\AppData\Local\Programs\MiKTeX\tex/latex/base\size11.clo
File: size11.clo 2020/04/10 v1.4m Standard LaTeX file (size option)
)
\c@part=\count177
\c@section=\count178
\c@subsection=\count179
\c@subsubsection=\count180
\c@paragraph=\count181
\c@subparagraph=\count182
\c@figure=\count183
\c@table=\count184
\abovecaptionskip=\skip47
\belowcaptionskip=\skip48
\bibindent=\dimen138
)
(C:\Users\adria\AppData\Local\Programs\MiKTeX\tex/generic/german\ngerman.sty
v2.5e 1998-07-08
Package: ngerman 1998/07/08 v2.5e Support for writing german texts (br)
\grmnU@D=\dimen139
ngerman -- \language number for naustrian undefined, default 48 used.
)
(C:\Users\adria\AppData\Local\Programs\MiKTeX\tex/latex/amsmath\amsmath.sty
Package: amsmath 2020/09/23 v2.17i AMS math features
\@mathmargin=\skip49

For additional information on amsmath, use the `?' option.
(C:\Users\adria\AppData\Local\Programs\MiKTeX\tex/latex/amsmath\amstext.sty
Package: amstext 2000/06/29 v2.01 AMS text

(C:\Users\adria\AppData\Local\Programs\MiKTeX\tex/latex/amsmath\amsgen.sty
File: amsgen.sty 1999/11/30 v2.0 generic functions
\@emptytoks=\toks15
\ex@=\dimen140
))
(C:\Users\adria\AppData\Local\Programs\MiKTeX\tex/latex/amsmath\amsbsy.sty
Package: amsbsy 1999/11/29 v1.2d Bold Symbols
\pmbraise@=\dimen141
)
(C:\Users\adria\AppData\Local\Programs\MiKTeX\tex/latex/amsmath\amsopn.sty
Package: amsopn 2016/03/08 v2.02 operator names
)
\inf@bad=\count185
LaTeX Info: Redefining \frac on input line 234.
\uproot@=\count186
\leftroot@=\count187
LaTeX Info: Redefining \overline on input line 399.
\classnum@=\count188
\DOTSCASE@=\count189
LaTeX Info: Redefining \ldots on input line 496.
LaTeX Info: Redefining \dots on input line 499.
LaTeX Info: Redefining \cdots on input line 620.
\Mathstrutbox@=\box47
\strutbox@=\box48
\big@size=\dimen142
LaTeX Font Info:    Redeclaring font encoding OML on input line 743.
LaTeX Font Info:    Redeclaring font encoding OMS on input line 744.
\macc@depth=\count190
\c@MaxMatrixCols=\count191
\dotsspace@=\muskip16
\c@parentequation=\count192
\dspbrk@lvl=\count193
\tag@help=\toks16
\row@=\count194
\column@=\count195
\maxfields@=\count196
\andhelp@=\toks17
\eqnshift@=\dimen143
\alignsep@=\dimen144
\tagshift@=\dimen145
\tagwidth@=\dimen146
\totwidth@=\dimen147
\lineht@=\dimen148
\@envbody=\toks18
\multlinegap=\skip50
\multlinetaggap=\skip51
\mathdisplay@stack=\toks19
LaTeX Info: Redefining \[ on input line 2923.
LaTeX Info: Redefining \] on input line 2924.
)
(C:\Users\adria\AppData\Local\Programs\MiKTeX\tex/latex/url\url.sty
\Urlmuskip=\muskip17
Package: url 2013/09/16  ver 3.4  Verb mode for urls, etc.
)
(C:\Users\adria\AppData\Local\Programs\MiKTeX\tex/latex/graphics\graphicx.sty
Package: graphicx 2020/09/09 v1.2b Enhanced LaTeX Graphics (DPC,SPQR)

(C:\Users\adria\AppData\Local\Programs\MiKTeX\tex/latex/graphics\keyval.sty
Package: keyval 2014/10/28 v1.15 key=value parser (DPC)
\KV@toks@=\toks20
)
(C:\Users\adria\AppData\Local\Programs\MiKTeX\tex/latex/graphics\graphics.sty
Package: graphics 2020/08/30 v1.4c Standard LaTeX Graphics (DPC,SPQR)

(C:\Users\adria\AppData\Local\Programs\MiKTeX\tex/latex/graphics\trig.sty
Package: trig 2016/01/03 v1.10 sin cos tan (DPC)
)
(C:\Users\adria\AppData\Local\Programs\MiKTeX\tex/latex/graphics-cfg\graphics.c
fg
File: graphics.cfg 2016/06/04 v1.11 sample graphics configuration
)
Package graphics Info: Driver file: pdftex.def on input line 105.

(C:\Users\adria\AppData\Local\Programs\MiKTeX\tex/latex/graphics-def\pdftex.def
File: pdftex.def 2020/10/05 v1.2a Graphics/color driver for pdftex
))
\Gin@req@height=\dimen149
\Gin@req@width=\dimen150
) (C:\Users\adria\AppData\Local\Programs\MiKTeX\tex/latex/float\float.sty
Package: float 2001/11/08 v1.3d Float enhancements (AL)
\c@float@type=\count197
\float@exts=\toks21
\float@box=\box49
\@float@everytoks=\toks22
\@floatcapt=\box50
)
(C:\Users\adria\AppData\Local\Programs\MiKTeX\tex/latex/psnfss\pifont.sty
Package: pifont 2020/03/25 PSNFSS-v9.3 Pi font support (SPQR) 
LaTeX Font Info:    Trying to load font information for U+pzd on input line 63.


(C:\Users\adria\AppData\Local\Programs\MiKTeX\tex/latex/psnfss\upzd.fd
File: upzd.fd 2001/06/04 font definitions for U/pzd.
)
LaTeX Font Info:    Trying to load font information for U+psy on input line 64.


(C:\Users\adria\AppData\Local\Programs\MiKTeX\tex/latex/psnfss\upsy.fd
File: upsy.fd 2001/06/04 font definitions for U/psy.
))
(C:\Users\adria\AppData\Local\Programs\MiKTeX\tex/latex/listings\listings.sty
\lst@mode=\count198
\lst@gtempboxa=\box51
\lst@token=\toks23
\lst@length=\count199
\lst@currlwidth=\dimen151
\lst@column=\count266
\lst@pos=\count267
\lst@lostspace=\dimen152
\lst@width=\dimen153
\lst@newlines=\count268
\lst@lineno=\count269
\lst@maxwidth=\dimen154

(C:\Users\adria\AppData\Local\Programs\MiKTeX\tex/latex/listings\lstmisc.sty
File: lstmisc.sty 2020/03/24 1.8d (Carsten Heinz)
\c@lstnumber=\count270
\lst@skipnumbers=\count271
\lst@framebox=\box52
)
(C:\Users\adria\AppData\Local\Programs\MiKTeX\tex/latex/listings\listings.cfg
File: listings.cfg 2020/03/24 1.8d listings configuration
))
Package: listings 2020/03/24 1.8d (Carsten Heinz)
(C:\Users\adria\AppData\Local\Programs\MiKTeX\tex/latex/graphics\color.sty
Package: color 2020/02/24 v1.2b Standard LaTeX Color (DPC)

(C:\Users\adria\AppData\Local\Programs\MiKTeX\tex/latex/graphics-cfg\color.cfg
File: color.cfg 2016/01/02 v1.6 sample color configuration
)
Package color Info: Driver file: pdftex.def on input line 147.
) (C:\Users\adria\AppData\Local\Programs\MiKTeX\tex/latex/caption\caption.sty
Package: caption 2020/10/26 v3.5g Customizing captions (AR)

(C:\Users\adria\AppData\Local\Programs\MiKTeX\tex/latex/caption\caption3.sty
Package: caption3 2020/10/21 v2.2e caption3 kernel (AR)
\captionmargin=\dimen155
\captionmargin@=\dimen156
\captionwidth=\dimen157
\caption@tempdima=\dimen158
\caption@indent=\dimen159
\caption@parindent=\dimen160
\caption@hangindent=\dimen161
Package caption Info: Standard document class detected.
)
\c@caption@flags=\count272
\c@continuedfloat=\count273
Package caption Info: float package is loaded.
Package caption Info: listings package is loaded.
)
\c@nalg=\count274


konzepte.tex:15: LaTeX Error: No counter 'chapter' defined.

See the LaTeX manual or LaTeX Companion for explanation.
Type  H <return>  for immediate help.
 ...                                              
                                                  
l.15 \newcounter{nalg}[chapter]
                                % defines algorithm counter for chapter-level
Your command was ignored.
Type  I <command> <return>  to replace it with another command,
or  <return>  to continue without it.


(C:\Users\adria\AppData\Local\Programs\MiKTeX\tex/latex/l3backend\l3backend-pdf
tex.def
File: l3backend-pdftex.def 2021-01-09 L3 backend support: PDF output (pdfTeX)
\l__kernel_color_stack_int=\count275
\l__pdf_internal_box=\box53
) (D:/git\bachelor\Ausarbeitungen\out\konzepte.aux)
\openout1 = `konzepte.aux'.

LaTeX Font Info:    Checking defaults for OML/cmm/m/it on input line 60.
LaTeX Font Info:    ... okay on input line 60.
LaTeX Font Info:    Checking defaults for OMS/cmsy/m/n on input line 60.
LaTeX Font Info:    ... okay on input line 60.
LaTeX Font Info:    Checking defaults for OT1/cmr/m/n on input line 60.
LaTeX Font Info:    ... okay on input line 60.
LaTeX Font Info:    Checking defaults for T1/cmr/m/n on input line 60.
LaTeX Font Info:    ... okay on input line 60.
LaTeX Font Info:    Checking defaults for TS1/cmr/m/n on input line 60.
LaTeX Font Info:    ... okay on input line 60.
LaTeX Font Info:    Checking defaults for OMX/cmex/m/n on input line 60.
LaTeX Font Info:    ... okay on input line 60.
LaTeX Font Info:    Checking defaults for U/cmr/m/n on input line 60.
LaTeX Font Info:    ... okay on input line 60.

(C:\Users\adria\AppData\Local\Programs\MiKTeX\tex/context/base/mkii\supp-pdf.mk
ii
[Loading MPS to PDF converter (version 2006.09.02).]
\scratchcounter=\count276
\scratchdimen=\dimen162
\scratchbox=\box54
\nofMPsegments=\count277
\nofMParguments=\count278
\everyMPshowfont=\toks24
\MPscratchCnt=\count279
\MPscratchDim=\dimen163
\MPnumerator=\count280
\makeMPintoPDFobject=\count281
\everyMPtoPDFconversion=\toks25
)
(C:\Users\adria\AppData\Local\Programs\MiKTeX\tex/latex/epstopdf-pkg\epstopdf-b
ase.sty
Package: epstopdf-base 2020-01-24 v2.11 Base part for package epstopdf
Package epstopdf-base Info: Redefining graphics rule for `.eps' on input line 4
85.
)
\c@lstlisting=\count282
Package caption Info: Begin \AtBeginDocument code.
Package caption Info: End \AtBeginDocument code.
 (D:/git\bachelor\Ausarbeitungen\out\konzepte.toc [1

{C:/Users/adria/AppData/Local/MiKTeX/pdftex/config/pdftex.map}])
\tf@toc=\write3
\openout3 = `konzepte.toc'.

 [2]

LaTeX Warning: Citation `1' on page 3 undefined on input line 66.


LaTeX Warning: Citation `3' on page 3 undefined on input line 90.


Underfull \hbox (badness 10000) in paragraph at lines 90--101

 []


Underfull \hbox (badness 10000) in paragraph at lines 90--101

 []

[3]

konzepte.tex:109: LaTeX Error: There's no line here to end.

See the LaTeX manual or LaTeX Companion for explanation.
Type  H <return>  for immediate help.
 ...                                              
                                                  
l.109     \\~
             \\
Your command was ignored.
Type  I <command> <return>  to replace it with another command,
or  <return>  to continue without it.


Underfull \hbox (badness 10000) in paragraph at lines 117--121

 []


konzepte.tex:124: LaTeX Error: There's no line here to end.

See the LaTeX manual or LaTeX Companion for explanation.
Type  H <return>  for immediate help.
 ...                                              
                                                  
l.124     \\~
             \\
Your command was ignored.
Type  I <command> <return>  to replace it with another command,
or  <return>  to continue without it.

[4]

LaTeX Warning: Citation `4' on page 5 undefined on input line 137.


Underfull \hbox (badness 10000) in paragraph at lines 137--146

 []


Overfull \hbox (76.92538pt too wide) in paragraph at lines 147--197
 [] 
 []

[5]

LaTeX Warning: Citation `2' on page 6 undefined on input line 205.

[6]
Underfull \hbox (badness 10000) in paragraph at lines 275--281

 []

[7]
<../images/extreme_programming.PNG, id=36, 633.11531pt x 243.15843pt>
File: ../images/extreme_programming.PNG Graphic file (type png)
<use ../images/extreme_programming.PNG>
Package pdftex.def Info: ../images/extreme_programming.PNG  used on input line 
295.
(pdftex.def)             Requested size: 426.79134pt x 163.92079pt.

Overfull \hbox (66.79134pt too wide) in paragraph at lines 295--296
 [][] 
 []

[8 <../images/extreme_programming.PNG>]

LaTeX Warning: Citation `gradle' on page 9 undefined on input line 305.


LaTeX Warning: Citation `github' on page 9 undefined on input line 306.


LaTeX Warning: Citation `git' on page 9 undefined on input line 306.


LaTeX Warning: Citation `idea' on page 9 undefined on input line 307.


LaTeX Warning: Citation `trello' on page 9 undefined on input line 310.

[9]

LaTeX Warning: Citation `arc42' on page 10 undefined on input line 316.

<../images/Fachlicher_Kontext.PNG, id=45, 253.69781pt x 359.84438pt>
File: ../images/Fachlicher_Kontext.PNG Graphic file (type png)
<use ../images/Fachlicher_Kontext.PNG>
Package pdftex.def Info: ../images/Fachlicher_Kontext.PNG  used on input line 3
43.
(pdftex.def)             Requested size: 176.407pt x 250.22014pt.
<../images/Technischer_Kontext.PNG, id=46, 564.60938pt x 230.36063pt>
File: ../images/Technischer_Kontext.PNG Graphic file (type png)
<use ../images/Technischer_Kontext.PNG>
Package pdftex.def Info: ../images/Technischer_Kontext.PNG  used on input line 
348.
(pdftex.def)             Requested size: 284.52756pt x 116.08688pt.
[10] [11 <../images/Fachlicher_Kontext.PNG> <../images/Technischer_Kontext.PNG>
]
Overfull \hbox (30.84123pt too wide) in paragraph at lines 357--393
 [] 
 []

[12]
Underfull \hbox (badness 1210) in paragraph at lines 436--438
[]\OT1/cmr/m/n/10.95 Algorithmus zum Er-wei-tern ei-nes L-Systems um nicht-
 []


Overfull \hbox (10.73077pt too wide) in paragraph at lines 417--446
 [] 
 []

[13] [14]
<../images/Bausteinsicht_Ebene_1.PNG, id=65, 827.34094pt x 490.83376pt>
File: ../images/Bausteinsicht_Ebene_1.PNG Graphic file (type png)
<use ../images/Bausteinsicht_Ebene_1.PNG>
Package pdftex.def Info: ../images/Bausteinsicht_Ebene_1.PNG  used on input lin
e 454.
(pdftex.def)             Requested size: 341.43306pt x 202.5613pt.
<../images/Bausteinsicht_Ebene_2.PNG, id=66, 429.85594pt x 341.02406pt>
File: ../images/Bausteinsicht_Ebene_2.PNG Graphic file (type png)
<use ../images/Bausteinsicht_Ebene_2.PNG>
Package pdftex.def Info: ../images/Bausteinsicht_Ebene_2.PNG  used on input lin
e 460.
(pdftex.def)             Requested size: 256.0748pt x 203.159pt.
<../images/Laufzeitsicht.PNG, id=67, 713.66624pt x 463.7325pt>
File: ../images/Laufzeitsicht.PNG Graphic file (type png)
<use ../images/Laufzeitsicht.PNG>
Package pdftex.def Info: ../images/Laufzeitsicht.PNG  used on input line 467.
(pdftex.def)             Requested size: 398.33858pt x 258.83223pt.

Overfull \hbox (38.33858pt too wide) in paragraph at lines 467--468
 [][] 
 []

[15 <../images/Bausteinsicht_Ebene_1.PNG> <../images/Bausteinsicht_Ebene_2.PNG>
]
<../images/Verteilungssicht.PNG, id=73, 585.68813pt x 308.65312pt>
File: ../images/Verteilungssicht.PNG Graphic file (type png)
<use ../images/Verteilungssicht.PNG>
Package pdftex.def Info: ../images/Verteilungssicht.PNG  used on input line 474
.
(pdftex.def)             Requested size: 284.52756pt x 149.9509pt.

Overfull \hbox (31.34123pt too wide) in paragraph at lines 481--487
\OT1/cmr/m/n/10.95 Um ei-ne aus-rei-chen-de Tes-tab-de-ckung zu er-rei-chen, we
r-den Klas-sen als kleinstm[]ogli-
 []

[16 <../images/Laufzeitsicht.PNG> <../images/Verteilungssicht.PNG>]
Overfull \hbox (14.73373pt too wide) in paragraph at lines 508--511
\OT1/cmr/m/n/10.95 Zur Feh-ler-su-che und -behandlung bie-te sich ei-ne Pro-to-
kol-lie-rung []uber Vorg[]ange,
 []

[17]
konzepte.tex:524: Undefined control sequence.
\thenalg ->\thechapter 
                       \arabic {nalg}
l.524 ...iner Verzweigungsstruktur}, label={alg1}]
                                                  
The control sequence at the end of the top line
of your error message was never \def'ed. If you have
misspelled it (e.g., `\hobx'), type `I' and the correct
spelling (e.g., `I\hbox'). Otherwise just continue,
and I'll forget about whatever was undefined.

konzepte.tex:524: Undefined control sequence.
\thenalg ->\thechapter 
                       \arabic {nalg}
l.524 ...iner Verzweigungsstruktur}, label={alg1}]
                                                  
The control sequence at the end of the top line
of your error message was never \def'ed. If you have
misspelled it (e.g., `\hobx'), type `I' and the correct
spelling (e.g., `I\hbox'). Otherwise just continue,
and I'll forget about whatever was undefined.

konzepte.tex:524: Undefined control sequence.
\thenalg ->\thechapter 
                       \arabic {nalg}
l.524 ...iner Verzweigungsstruktur}, label={alg1}]
                                                  
The control sequence at the end of the top line
of your error message was never \def'ed. If you have
misspelled it (e.g., `\hobx'), type `I' and the correct
spelling (e.g., `I\hbox'). Otherwise just continue,
and I'll forget about whatever was undefined.

konzepte.tex:524: Undefined control sequence.
\thenalg ->\thechapter 
                       \arabic {nalg}
l.524 ...iner Verzweigungsstruktur}, label={alg1}]
                                                  
The control sequence at the end of the top line
of your error message was never \def'ed. If you have
misspelled it (e.g., `\hobx'), type `I' and the correct
spelling (e.g., `I\hbox'). Otherwise just continue,
and I'll forget about whatever was undefined.

konzepte.tex:524: Undefined control sequence.
\thenalg ->\thechapter 
                       \arabic {nalg}
l.524 ...iner Verzweigungsstruktur}, label={alg1}]
                                                  
The control sequence at the end of the top line
of your error message was never \def'ed. If you have
misspelled it (e.g., `\hobx'), type `I' and the correct
spelling (e.g., `I\hbox'). Otherwise just continue,
and I'll forget about whatever was undefined.


konzepte.tex:533: LaTeX Error: There's no line here to end.

See the LaTeX manual or LaTeX Companion for explanation.
Type  H <return>  for immediate help.
 ...                                              
                                                  
l.533     \\~
             \\~\\
Your command was ignored.
Type  I <command> <return>  to replace it with another command,
or  <return>  to continue without it.

konzepte.tex:537: Undefined control sequence.
\thenalg ->\thechapter 
                       \arabic {nalg}
l.537 ...ms aus einer Baumstruktur}, label={alg2}]
                                                  
The control sequence at the end of the top line
of your error message was never \def'ed. If you have
misspelled it (e.g., `\hobx'), type `I' and the correct
spelling (e.g., `I\hbox'). Otherwise just continue,
and I'll forget about whatever was undefined.


Underfull \hbox (badness 10000) in paragraph at lines 533--537

 []


Underfull \hbox (badness 10000) in paragraph at lines 533--537

 []

konzepte.tex:537: Undefined control sequence.
\thenalg ->\thechapter 
                       \arabic {nalg}
l.537 ...ms aus einer Baumstruktur}, label={alg2}]
                                                  
The control sequence at the end of the top line
of your error message was never \def'ed. If you have
misspelled it (e.g., `\hobx'), type `I' and the correct
spelling (e.g., `I\hbox'). Otherwise just continue,
and I'll forget about whatever was undefined.

konzepte.tex:537: Undefined control sequence.
\thenalg ->\thechapter 
                       \arabic {nalg}
l.537 ...ms aus einer Baumstruktur}, label={alg2}]
                                                  
The control sequence at the end of the top line
of your error message was never \def'ed. If you have
misspelled it (e.g., `\hobx'), type `I' and the correct
spelling (e.g., `I\hbox'). Otherwise just continue,
and I'll forget about whatever was undefined.

konzepte.tex:537: Undefined control sequence.
\thenalg ->\thechapter 
                       \arabic {nalg}
l.537 ...ms aus einer Baumstruktur}, label={alg2}]
                                                  
The control sequence at the end of the top line
of your error message was never \def'ed. If you have
misspelled it (e.g., `\hobx'), type `I' and the correct
spelling (e.g., `I\hbox'). Otherwise just continue,
and I'll forget about whatever was undefined.

konzepte.tex:537: Undefined control sequence.
\thenalg ->\thechapter 
                       \arabic {nalg}
l.537 ...ms aus einer Baumstruktur}, label={alg2}]
                                                  
The control sequence at the end of the top line
of your error message was never \def'ed. If you have
misspelled it (e.g., `\hobx'), type `I' and the correct
spelling (e.g., `I\hbox'). Otherwise just continue,
and I'll forget about whatever was undefined.

[18] [19]
konzepte.tex:564: Undefined control sequence.
\thenalg ->\thechapter 
                       \arabic {nalg}
l.564 ...tems mit Gewichtung $w_l$}, label={alg3}]
                                                  
The control sequence at the end of the top line
of your error message was never \def'ed. If you have
misspelled it (e.g., `\hobx'), type `I' and the correct
spelling (e.g., `I\hbox'). Otherwise just continue,
and I'll forget about whatever was undefined.

konzepte.tex:564: Undefined control sequence.
\thenalg ->\thechapter 
                       \arabic {nalg}
l.564 ...tems mit Gewichtung $w_l$}, label={alg3}]
                                                  
The control sequence at the end of the top line
of your error message was never \def'ed. If you have
misspelled it (e.g., `\hobx'), type `I' and the correct
spelling (e.g., `I\hbox'). Otherwise just continue,
and I'll forget about whatever was undefined.

konzepte.tex:564: Undefined control sequence.
\thenalg ->\thechapter 
                       \arabic {nalg}
l.564 ...tems mit Gewichtung $w_l$}, label={alg3}]
                                                  
The control sequence at the end of the top line
of your error message was never \def'ed. If you have
misspelled it (e.g., `\hobx'), type `I' and the correct
spelling (e.g., `I\hbox'). Otherwise just continue,
and I'll forget about whatever was undefined.

konzepte.tex:564: Undefined control sequence.
\thenalg ->\thechapter 
                       \arabic {nalg}
l.564 ...tems mit Gewichtung $w_l$}, label={alg3}]
                                                  
The control sequence at the end of the top line
of your error message was never \def'ed. If you have
misspelled it (e.g., `\hobx'), type `I' and the correct
spelling (e.g., `I\hbox'). Otherwise just continue,
and I'll forget about whatever was undefined.

konzepte.tex:564: Undefined control sequence.
\thenalg ->\thechapter 
                       \arabic {nalg}
l.564 ...tems mit Gewichtung $w_l$}, label={alg3}]
                                                  
The control sequence at the end of the top line
of your error message was never \def'ed. If you have
misspelled it (e.g., `\hobx'), type `I' and the correct
spelling (e.g., `I\hbox'). Otherwise just continue,
and I'll forget about whatever was undefined.

LaTeX Font Info:    Trying to load font information for OML+cmr on input line 5
72.
(C:\Users\adria\AppData\Local\Programs\MiKTeX\tex/latex/base\omlcmr.fd
File: omlcmr.fd 2019/12/16 v2.5j Standard LaTeX font definitions
)
LaTeX Font Info:    Font shape `OML/cmr/m/n' in size <8> not available
(Font)              Font shape `OML/cmm/m/it' tried instead on input line 572.

Overfull \hbox (4.53125pt too wide) in paragraph at lines 573--574
[][][][][][][][][][][][][][][][][][][][][][][] 
 []

konzepte.tex:586: Undefined control sequence.
\thenalg ->\thechapter 
                       \arabic {nalg}
l.586 ...C_i$ mit Gewichtung $w_l$}, label={alg4}]
                                                  
The control sequence at the end of the top line
of your error message was never \def'ed. If you have
misspelled it (e.g., `\hobx'), type `I' and the correct
spelling (e.g., `I\hbox'). Otherwise just continue,
and I'll forget about whatever was undefined.

konzepte.tex:586: Undefined control sequence.
\thenalg ->\thechapter 
                       \arabic {nalg}
l.586 ...C_i$ mit Gewichtung $w_l$}, label={alg4}]
                                                  
The control sequence at the end of the top line
of your error message was never \def'ed. If you have
misspelled it (e.g., `\hobx'), type `I' and the correct
spelling (e.g., `I\hbox'). Otherwise just continue,
and I'll forget about whatever was undefined.

konzepte.tex:586: Undefined control sequence.
\thenalg ->\thechapter 
                       \arabic {nalg}
l.586 ...C_i$ mit Gewichtung $w_l$}, label={alg4}]
                                                  
The control sequence at the end of the top line
of your error message was never \def'ed. If you have
misspelled it (e.g., `\hobx'), type `I' and the correct
spelling (e.g., `I\hbox'). Otherwise just continue,
and I'll forget about whatever was undefined.

konzepte.tex:586: Undefined control sequence.
\thenalg ->\thechapter 
                       \arabic {nalg}
l.586 ...C_i$ mit Gewichtung $w_l$}, label={alg4}]
                                                  
The control sequence at the end of the top line
of your error message was never \def'ed. If you have
misspelled it (e.g., `\hobx'), type `I' and the correct
spelling (e.g., `I\hbox'). Otherwise just continue,
and I'll forget about whatever was undefined.

konzepte.tex:586: Undefined control sequence.
\thenalg ->\thechapter 
                       \arabic {nalg}
l.586 ...C_i$ mit Gewichtung $w_l$}, label={alg4}]
                                                  
The control sequence at the end of the top line
of your error message was never \def'ed. If you have
misspelled it (e.g., `\hobx'), type `I' and the correct
spelling (e.g., `I\hbox'). Otherwise just continue,
and I'll forget about whatever was undefined.

konzepte.tex:597: Undefined control sequence.
\thenalg ->\thechapter 
                       \arabic {nalg}
l.597 ...tion $L$ für Grammatiken}, label={alg5}]
                                                  
The control sequence at the end of the top line
of your error message was never \def'ed. If you have
misspelled it (e.g., `\hobx'), type `I' and the correct
spelling (e.g., `I\hbox'). Otherwise just continue,
and I'll forget about whatever was undefined.

konzepte.tex:597: Undefined control sequence.
\thenalg ->\thechapter 
                       \arabic {nalg}
l.597 ...tion $L$ für Grammatiken}, label={alg5}]
                                                  
The control sequence at the end of the top line
of your error message was never \def'ed. If you have
misspelled it (e.g., `\hobx'), type `I' and the correct
spelling (e.g., `I\hbox'). Otherwise just continue,
and I'll forget about whatever was undefined.

konzepte.tex:597: Undefined control sequence.
\thenalg ->\thechapter 
                       \arabic {nalg}
l.597 ...tion $L$ für Grammatiken}, label={alg5}]
                                                  
The control sequence at the end of the top line
of your error message was never \def'ed. If you have
misspelled it (e.g., `\hobx'), type `I' and the correct
spelling (e.g., `I\hbox'). Otherwise just continue,
and I'll forget about whatever was undefined.

konzepte.tex:597: Undefined control sequence.
\thenalg ->\thechapter 
                       \arabic {nalg}
l.597 ...tion $L$ für Grammatiken}, label={alg5}]
                                                  
The control sequence at the end of the top line
of your error message was never \def'ed. If you have
misspelled it (e.g., `\hobx'), type `I' and the correct
spelling (e.g., `I\hbox'). Otherwise just continue,
and I'll forget about whatever was undefined.

konzepte.tex:597: Undefined control sequence.
\thenalg ->\thechapter 
                       \arabic {nalg}
l.597 ...tion $L$ für Grammatiken}, label={alg5}]
                                                  
The control sequence at the end of the top line
of your error message was never \def'ed. If you have
misspelled it (e.g., `\hobx'), type `I' and the correct
spelling (e.g., `I\hbox'). Otherwise just continue,
and I'll forget about whatever was undefined.

konzepte.tex:601: Undefined control sequence.
\thenalg ->\thechapter 
                       \arabic {nalg}
l.601 ...C_g$ mit Gewichtung $w_0$}, label={alg6}]
                                                  
The control sequence at the end of the top line
of your error message was never \def'ed. If you have
misspelled it (e.g., `\hobx'), type `I' and the correct
spelling (e.g., `I\hbox'). Otherwise just continue,
and I'll forget about whatever was undefined.

konzepte.tex:601: Undefined control sequence.
\thenalg ->\thechapter 
                       \arabic {nalg}
l.601 ...C_g$ mit Gewichtung $w_0$}, label={alg6}]
                                                  
The control sequence at the end of the top line
of your error message was never \def'ed. If you have
misspelled it (e.g., `\hobx'), type `I' and the correct
spelling (e.g., `I\hbox'). Otherwise just continue,
and I'll forget about whatever was undefined.

konzepte.tex:601: Undefined control sequence.
\thenalg ->\thechapter 
                       \arabic {nalg}
l.601 ...C_g$ mit Gewichtung $w_0$}, label={alg6}]
                                                  
The control sequence at the end of the top line
of your error message was never \def'ed. If you have
misspelled it (e.g., `\hobx'), type `I' and the correct
spelling (e.g., `I\hbox'). Otherwise just continue,
and I'll forget about whatever was undefined.

konzepte.tex:601: Undefined control sequence.
\thenalg ->\thechapter 
                       \arabic {nalg}
l.601 ...C_g$ mit Gewichtung $w_0$}, label={alg6}]
                                                  
The control sequence at the end of the top line
of your error message was never \def'ed. If you have
misspelled it (e.g., `\hobx'), type `I' and the correct
spelling (e.g., `I\hbox'). Otherwise just continue,
and I'll forget about whatever was undefined.

konzepte.tex:601: Undefined control sequence.
\thenalg ->\thechapter 
                       \arabic {nalg}
l.601 ...C_g$ mit Gewichtung $w_0$}, label={alg6}]
                                                  
The control sequence at the end of the top line
of your error message was never \def'ed. If you have
misspelled it (e.g., `\hobx'), type `I' and the correct
spelling (e.g., `I\hbox'). Otherwise just continue,
and I'll forget about whatever was undefined.

konzepte.tex:606: Undefined control sequence.
\thenalg ->\thechapter 
                       \arabic {nalg}
l.606 ...tems mit Gewichtung $w_0$}, label={alg7}]
                                                  
The control sequence at the end of the top line
of your error message was never \def'ed. If you have
misspelled it (e.g., `\hobx'), type `I' and the correct
spelling (e.g., `I\hbox'). Otherwise just continue,
and I'll forget about whatever was undefined.

konzepte.tex:606: Undefined control sequence.
\thenalg ->\thechapter 
                       \arabic {nalg}
l.606 ...tems mit Gewichtung $w_0$}, label={alg7}]
                                                  
The control sequence at the end of the top line
of your error message was never \def'ed. If you have
misspelled it (e.g., `\hobx'), type `I' and the correct
spelling (e.g., `I\hbox'). Otherwise just continue,
and I'll forget about whatever was undefined.

konzepte.tex:606: Undefined control sequence.
\thenalg ->\thechapter 
                       \arabic {nalg}
l.606 ...tems mit Gewichtung $w_0$}, label={alg7}]
                                                  
The control sequence at the end of the top line
of your error message was never \def'ed. If you have
misspelled it (e.g., `\hobx'), type `I' and the correct
spelling (e.g., `I\hbox'). Otherwise just continue,
and I'll forget about whatever was undefined.

konzepte.tex:606: Undefined control sequence.
\thenalg ->\thechapter 
                       \arabic {nalg}
l.606 ...tems mit Gewichtung $w_0$}, label={alg7}]
                                                  
The control sequence at the end of the top line
of your error message was never \def'ed. If you have
misspelled it (e.g., `\hobx'), type `I' and the correct
spelling (e.g., `I\hbox'). Otherwise just continue,
and I'll forget about whatever was undefined.

konzepte.tex:606: Undefined control sequence.
\thenalg ->\thechapter 
                       \arabic {nalg}
l.606 ...tems mit Gewichtung $w_0$}, label={alg7}]
                                                  
The control sequence at the end of the top line
of your error message was never \def'ed. If you have
misspelled it (e.g., `\hobx'), type `I' and the correct
spelling (e.g., `I\hbox'). Otherwise just continue,
and I'll forget about whatever was undefined.

[20]
Underfull \hbox (badness 10000) in paragraph at lines 627--632

 []


Underfull \hbox (badness 10000) in paragraph at lines 627--632

 []


Underfull \hbox (badness 10000) in paragraph at lines 627--632

 []


Underfull \hbox (badness 10000) in paragraph at lines 627--632

 []

[21]
No file konzepte.bbl.
[22] (D:/git\bachelor\Ausarbeitungen\out\konzepte.aux)

LaTeX Warning: There were undefined references.


LaTeX Warning: Label(s) may have changed. Rerun to get cross-references right.

 ) 
Here is how much of TeX's memory you used:
 5280 strings out of 479618
 80281 string characters out of 2865027
 380916 words of memory out of 3000000
 22401 multiletter control sequences out of 15000+200000
 413897 words of font info for 62 fonts, out of 3000000 for 9000
 1141 hyphenation exceptions out of 8191
 68i,9n,74p,224b,1360s stack positions out of 5000i,500n,10000p,200000b,50000s
 <C:\Users\adria\AppData\Local\MiKTeX\fonts/pk/ljfour/jknappen/ec/dpi600\tcrm
0800.pk> <C:\Users\adria\AppData\Local\MiKTeX\fonts/pk/ljfour/jknappen/ec/dpi60
0\tcrm1095.pk><C:/Users/adria/AppData/Local/Programs/MiKTeX/fonts/type1/public/
amsfonts/cm/cmbx10.pfb><C:/Users/adria/AppData/Local/Programs/MiKTeX/fonts/type
1/public/amsfonts/cm/cmbx12.pfb><C:/Users/adria/AppData/Local/Programs/MiKTeX/f
onts/type1/public/amsfonts/cm/cmbxti10.pfb><C:/Users/adria/AppData/Local/Progra
ms/MiKTeX/fonts/type1/public/amsfonts/cmextra/cmex8.pfb><C:/Users/adria/AppData
/Local/Programs/MiKTeX/fonts/type1/public/amsfonts/cm/cmmi10.pfb><C:/Users/adri
a/AppData/Local/Programs/MiKTeX/fonts/type1/public/amsfonts/cm/cmmi6.pfb><C:/Us
ers/adria/AppData/Local/Programs/MiKTeX/fonts/type1/public/amsfonts/cm/cmmi8.pf
b><C:/Users/adria/AppData/Local/Programs/MiKTeX/fonts/type1/public/amsfonts/cm/
cmmi9.pfb><C:/Users/adria/AppData/Local/Programs/MiKTeX/fonts/type1/public/amsf
onts/cm/cmr10.pfb><C:/Users/adria/AppData/Local/Programs/MiKTeX/fonts/type1/pub
lic/amsfonts/cm/cmr12.pfb><C:/Users/adria/AppData/Local/Programs/MiKTeX/fonts/t
ype1/public/amsfonts/cm/cmr17.pfb><C:/Users/adria/AppData/Local/Programs/MiKTeX
/fonts/type1/public/amsfonts/cm/cmr6.pfb><C:/Users/adria/AppData/Local/Programs
/MiKTeX/fonts/type1/public/amsfonts/cm/cmr8.pfb><C:/Users/adria/AppData/Local/P
rograms/MiKTeX/fonts/type1/public/amsfonts/cm/cmr9.pfb><C:/Users/adria/AppData/
Local/Programs/MiKTeX/fonts/type1/public/amsfonts/cm/cmsy10.pfb><C:/Users/adria
/AppData/Local/Programs/MiKTeX/fonts/type1/public/amsfonts/cm/cmsy5.pfb><C:/Use
rs/adria/AppData/Local/Programs/MiKTeX/fonts/type1/public/amsfonts/cm/cmsy6.pfb
><C:/Users/adria/AppData/Local/Programs/MiKTeX/fonts/type1/public/amsfonts/cm/c
msy8.pfb><C:/Users/adria/AppData/Local/Programs/MiKTeX/fonts/type1/public/amsfo
nts/cm/cmsy9.pfb><C:/Users/adria/AppData/Local/Programs/MiKTeX/fonts/type1/publ
ic/amsfonts/cm/cmti10.pfb><C:/Users/adria/AppData/Local/Programs/MiKTeX/fonts/t
ype1/public/amsfonts/cm/cmti9.pfb>
Output written on D:/git\bachelor\Ausarbeitungen\out\konzepte.pdf (22 pages, 44
6703 bytes).
PDF statistics:
 182 PDF objects out of 1000 (max. 8388607)
 0 named destinations out of 1000 (max. 500000)
 36 words of extra memory for PDF output out of 10000 (max. 10000000)

